<?xml version="1.0" encoding="UTF-8"?>
<testng-results total="1" passed="1" failed="0" skipped="0">
  <reporter-output>
    <line>
      <![CDATA[1686148781484]]>
    </line>
  </reporter-output>
  <suite started-at="2023-06-07T14:39:16Z" name="Suite" finished-at="2023-06-07T14:39:38Z" duration-ms="22321">
    <groups>
    </groups>
    <test started-at="2023-06-07T14:39:16Z" name="Test" finished-at="2023-06-07T14:39:38Z" duration-ms="22321">
      <class name="com.blazedemo.testscript.NewClass">
        <test-method is-config="true" signature="openBrowser()[pri:0, instance:com.blazedemo.testscript.NewClass@15bb5034]" started-at="2023-06-07T20:09:16Z" name="openBrowser" test-instance-name="" finished-at="2023-06-07T20:09:21Z" duration-ms="5187" status="PASS">
          <reporter-output>
          </reporter-output>
        </test-method> <!-- openBrowser -->
        <test-method is-config="true" signature="login()[pri:0, instance:com.blazedemo.testscript.NewClass@15bb5034]" started-at="2023-06-07T20:09:21Z" name="login" test-instance-name="" finished-at="2023-06-07T20:09:21Z" duration-ms="5" status="PASS">
          <reporter-output>
          </reporter-output>
        </test-method> <!-- login -->
        <test-method signature="testNewClass()[pri:0, instance:com.blazedemo.testscript.NewClass@15bb5034]" started-at="2023-06-07T20:09:21Z" name="testNewClass" test-instance-name="" finished-at="2023-06-07T20:09:38Z" duration-ms="16775" status="PASS">
          <reporter-output>
            <line>
              <![CDATA[1686148781484]]>
            </line>
          </reporter-output>
        </test-method> <!-- testNewClass -->
        <test-method is-config="true" signature="logout()[pri:0, instance:com.blazedemo.testscript.NewClass@15bb5034]" started-at="2023-06-07T20:09:38Z" name="logout" test-instance-name="" finished-at="2023-06-07T20:09:38Z" duration-ms="1" status="PASS">
          <reporter-output>
          </reporter-output>
        </test-method> <!-- logout -->
        <test-method is-config="true" signature="closeBrowser()[pri:0, instance:com.blazedemo.testscript.NewClass@15bb5034]" started-at="2023-06-07T20:09:38Z" name="closeBrowser" test-instance-name="" finished-at="2023-06-07T20:09:38Z" duration-ms="328" status="PASS">
          <reporter-output>
          </reporter-output>
        </test-method> <!-- closeBrowser -->
      </class> <!-- com.blazedemo.testscript.NewClass -->
    </test> <!-- Test -->
  </suite> <!-- Suite -->
</testng-results>
