<?xml version="1.0" encoding="UTF-8"?>
<testng-results ignored="0" total="1" passed="1" failed="0" skipped="0">
  <reporter-output>
    <line>
      <![CDATA[1686074902583]]>
    </line>
  </reporter-output>
  <suite started-at="2023-06-06T23:38:01 IST" name="Suite" finished-at="2023-06-06T23:38:21 IST" duration-ms="19677">
    <groups>
    </groups>
    <test started-at="2023-06-06T23:38:01 IST" name="Test" finished-at="2023-06-06T23:38:21 IST" duration-ms="19677">
      <class name="com.blazedemo.testscript.NewClass">
        <test-method is-config="true" signature="openBrowser()[pri:0, instance:com.blazedemo.testscript.NewClass@50a638b5]" started-at="2023-06-06T23:38:01 IST" name="openBrowser" finished-at="2023-06-06T23:38:05 IST" duration-ms="3583" status="PASS">
          <reporter-output>
          </reporter-output>
        </test-method> <!-- openBrowser -->
        <test-method is-config="true" signature="login()[pri:0, instance:com.blazedemo.testscript.NewClass@50a638b5]" started-at="2023-06-06T23:38:05 IST" name="login" finished-at="2023-06-06T23:38:05 IST" duration-ms="7" status="PASS">
          <reporter-output>
          </reporter-output>
        </test-method> <!-- login -->
        <test-method signature="testNewClass()[pri:0, instance:com.blazedemo.testscript.NewClass@50a638b5]" started-at="2023-06-06T23:38:05 IST" name="testNewClass" finished-at="2023-06-06T23:38:21 IST" duration-ms="15648" status="PASS">
          <reporter-output>
            <line>
              <![CDATA[1686074902583]]>
            </line>
          </reporter-output>
        </test-method> <!-- testNewClass -->
        <test-method is-config="true" signature="logout()[pri:0, instance:com.blazedemo.testscript.NewClass@50a638b5]" started-at="2023-06-06T23:38:21 IST" name="logout" finished-at="2023-06-06T23:38:21 IST" duration-ms="1" status="PASS">
          <reporter-output>
          </reporter-output>
        </test-method> <!-- logout -->
        <test-method is-config="true" signature="closeBrowser()[pri:0, instance:com.blazedemo.testscript.NewClass@50a638b5]" started-at="2023-06-06T23:38:21 IST" name="closeBrowser" finished-at="2023-06-06T23:38:21 IST" duration-ms="380" status="PASS">
          <reporter-output>
          </reporter-output>
        </test-method> <!-- closeBrowser -->
      </class> <!-- com.blazedemo.testscript.NewClass -->
    </test> <!-- Test -->
  </suite> <!-- Suite -->
</testng-results>
